<?xml version="1.0" encoding="UTF-8"?>
<testsuite xmlns:xsi="http://www.w3.org/2001/XMLSchema-instance" xsi:noNamespaceSchemaLocation="https://maven.apache.org/surefire/maven-surefire-plugin/xsd/surefire-test-report.xsd" name="org.jfree.data.test.QuarterClassTest" time="0.057" tests="31" errors="0" skipped="0" failures="0">
  <properties>
[...]
</properties>
  <testcase name="testCompareTo1" classname="org.jfree.data.test.QuarterClassTest" time="0.016"/>
  <testcase name="testCompareTo2" classname="org.jfree.data.test.QuarterClassTest" time="0"/>
  <testcase name="testCompareTo3" classname="org.jfree.data.test.QuarterClassTest" time="0"/>
  <testcase name="testNext1" classname="org.jfree.data.test.QuarterClassTest" time="0"/>
  <testcase name="testNext2" classname="org.jfree.data.test.QuarterClassTest" time="0.001"/>
  <testcase name="testToString" classname="org.jfree.data.test.QuarterClassTest" time="0"/>
  <testcase name="testGetFirstMilisecond1" classname="org.jfree.data.test.QuarterClassTest" time="0"/>
  <testcase name="testQuarterDefaultCtor" classname="org.jfree.data.test.QuarterClassTest" time="0.001"/>
  <testcase name="testGetYear" classname="org.jfree.data.test.QuarterClassTest" time="0"/>
  <testcase name="testParseQuarter" classname="org.jfree.data.test.QuarterClassTest" time="0"/>
  <testcase name="testPrevious1" classname="org.jfree.data.test.QuarterClassTest" time="0.001"/>
  <testcase name="testPrevious2" classname="org.jfree.data.test.QuarterClassTest" time="0"/>
  <testcase name="testQuarterCtor1" classname="org.jfree.data.test.QuarterClassTest" time="0"/>
  <testcase name="testQuarterCtor2" classname="org.jfree.data.test.QuarterClassTest" time="0"/>
  <testcase name="testQuarterCtor3" classname="org.jfree.data.test.QuarterClassTest" time="0.001"/>
  <testcase name="testQuarterCtor4" classname="org.jfree.data.test.QuarterClassTest" time="0.001"/>
  <testcase name="testQuarterCtor5" classname="org.jfree.data.test.QuarterClassTest" time="0"/>
  <testcase name="testQuarterCtor6" classname="org.jfree.data.test.QuarterClassTest" time="0.001"/>
  <testcase name="testGetLastMillisecond1" classname="org.jfree.data.test.QuarterClassTest" time="0"/>
  <testcase name="testGetLastMillisecond2" classname="org.jfree.data.test.QuarterClassTest" time="0"/>
  <testcase name="testHashCode1" classname="org.jfree.data.test.QuarterClassTest" time="0.001"/>
  <testcase name="testHashCode2" classname="org.jfree.data.test.QuarterClassTest" time="0"/>
  <testcase name="testHashCode3" classname="org.jfree.data.test.QuarterClassTest" time="0"/>
  <testcase name="testHashCode4" classname="org.jfree.data.test.QuarterClassTest" time="0"/>
  <testcase name="testGetQuarter" classname="org.jfree.data.test.QuarterClassTest" time="0"/>
  <testcase name="testGetFirstMillisecond2" classname="org.jfree.data.test.QuarterClassTest" time="0"/>
  <testcase name="testGetFirstMillisecond3" classname="org.jfree.data.test.QuarterClassTest" time="0"/>
  <testcase name="testGetFirstMillisecond4" classname="org.jfree.data.test.QuarterClassTest" time="0"/>
  <testcase name="testEquals" classname="org.jfree.data.test.QuarterClassTest" time="0"/>
  <testcase name="testGetSerialIndex1" classname="org.jfree.data.test.QuarterClassTest" time="0"/>
  <testcase name="testGetSerialIndex2" classname="org.jfree.data.test.QuarterClassTest" time="0"/>
</testsuite>